Arguments: 
  C:\Program Files\nodejs\node.exe C:\Users\Administrator\AppData\Roaming\npm\node_modules\yarn\bin\yarn.js add sequelize --save

PATH: 
  D:\cmder_mini\bin;D:\cmder_mini\vendor\conemu-maximus5\ConEmu\Scripts;D:\cmder_mini\vendor\conemu-maximus5;D:\cmder_mini\vendor\conemu-maximus5\ConEmu;C:\ProgramData\Oracle\Java\javapath;C:\Python27\;C:\Python27\Scripts;C:\Windows\system32;C:\Windows;C:\Windows\System32\Wbem;C:\Windows\System32\WindowsPowerShell\v1.0\;D:\TortoiseGit\bin;D:\nvm;C:\Program Files\nodejs;C:\Program Files\MySQL\MySQL Utilities 1.6\;D:\Git\bin;D:\Git\cmd;D:\TortoiseSVN\bin;D:\cmder_mini;C:\ProgramData\chocolatey\bin;C:\Program Files\Java\jdk1.8.0_141\bin;C:\Program Files (x86)\GtkSharp\2.12\bin;C:\Users\Administrator\AppData\Roaming\npm;D:\Microsoft VS Code\bin;D:\Androidsdk\tools;D:\Androidsdk\platform-tools;E:\phptools\php-7.1.8;E:\phptools\php-7.1.8\ext;D:\Git\usr\bin;D:\Git\usr\share\vim\vim74;D:\cmder_mini\

Yarn version: 
  0.27.5

Node version: 
  8.0.0

Platform: 
  win32 x64

npm manifest: 
  {
    "name": "sqlblog",
    "version": "0.0.0",
    "private": true,
    "scripts": {
      "start": "nodemon ./bin/www"
    },
    "dependencies": {
      "body-parser": "~1.18.2",
      "cookie-parser": "~1.4.3",
      "debug": "~2.6.9",
      "ejs": "^2.5.7",
      "express": "~4.15.5",
      "jade": "~1.11.0",
      "moment": "^2.19.1",
      "morgan": "~1.9.0",
      "mysql": "^2.15.0",
      "serve-favicon": "~2.4.5",
      "benben-model": "^1.0.26"
    },
    "devDependencies": {
      "babel-cli": "^6.24.1",
      "babel-core": "^6.25.0",
      "babel-polyfill": "^6.23.0",
      "babel-preset-es2015": "^6.24.1",
      "babel-preset-stage-3": "^6.24.1",
      "babel-register": "^6.24.1"
    }
  }

yarn manifest: 
  No manifest

Lockfile: 
  No lockfile

Trace: 
  Error: EEXIST: file already exists, mkdir 'F:\blog\test-mysqlnode\sqlblog\node_modules\babel-runtime'
